<?xml version="1.0" encoding="UTF-8"?>
<!-- Generated by org.testng.reporters.JUnitReportReporter -->
<testsuite hostname="DESKTOP-NDF10SU" failures="0" tests="3" name="rahulshettyacademy.tests.SubmitOrderTest" time="100.125" errors="0" timestamp="2024-03-17T14:44:23 IST" skipped="0">
  <testcase classname="rahulshettyacademy.tests.SubmitOrderTest" name="submitOrder" time="73.426"/>
  <testcase classname="rahulshettyacademy.tests.SubmitOrderTest" name="submitOrder" time="16.407"/>
  <testcase classname="rahulshettyacademy.tests.SubmitOrderTest" name="OrderHistoryTest" time="10.292"/>
</testsuite> <!-- rahulshettyacademy.tests.SubmitOrderTest -->
