<?xml version="1.0" encoding="UTF-8"?>
<!-- Generated by org.testng.reporters.JUnitReportReporter -->
<testsuite hostname="DESKTOP-NDF10SU" failures="0" tests="2" name="rahulshettyacademy.tests.ErrorValidationsTest" time="74.353" errors="0" timestamp="2024-03-17T14:44:24 IST" skipped="0">
  <testcase classname="rahulshettyacademy.tests.ErrorValidationsTest" name="LoginErrorValidation" time="15.484"/>
  <testcase classname="rahulshettyacademy.tests.ErrorValidationsTest" name="ProductErrorValidation" time="58.869"/>
</testsuite> <!-- rahulshettyacademy.tests.ErrorValidationsTest -->
