<?xml version="1.0" encoding="UTF-8"?>
<!-- Generated by org.testng.reporters.JUnitReportReporter -->
<testsuite hostname="DESKTOP-NDF10SU" failures="0" tests="3" name="rahulshettyacademy.tests.SubmitOrderTest" time="56.460" errors="0" timestamp="2024-03-18T15:01:57 IST" skipped="0">
  <testcase classname="rahulshettyacademy.tests.SubmitOrderTest" name="OrderHistoryTest" time="25.023"/>
  <testcase classname="rahulshettyacademy.tests.SubmitOrderTest" name="submitOrder" time="9.966"/>
  <testcase classname="rahulshettyacademy.tests.SubmitOrderTest" name="submitOrder" time="21.471"/>
</testsuite> <!-- rahulshettyacademy.tests.SubmitOrderTest -->
