<?xml version="1.0" encoding="UTF-8"?>
<!-- Generated by org.testng.reporters.JUnitReportReporter -->
<testsuite hostname="DESKTOP-NDF10SU" failures="0" tests="3" name="rahulshettyacademy.tests.SubmitOrderTest" time="64.730" errors="0" timestamp="2024-03-20T16:46:41 IST" skipped="0">
  <testcase classname="rahulshettyacademy.tests.SubmitOrderTest" name="submitOrder" time="14.417"/>
  <testcase classname="rahulshettyacademy.tests.SubmitOrderTest" name="submitOrder" time="24.462"/>
  <testcase classname="rahulshettyacademy.tests.SubmitOrderTest" name="OrderHistoryTest" time="25.851"/>
</testsuite> <!-- rahulshettyacademy.tests.SubmitOrderTest -->
